<?xml version="1.0" encoding="UTF-8" ?>
<testsuite tests="6" failures="0" name="SmokeTest" time="52.145" errors="0" skipped="0">
  <properties>
[...]
</properties>
  <testcase classname="SmokeTest" name="authSmokeTest" time="11.552"/>
  <testcase classname="SmokeTest" name="reportSmokeTest" time="6.673"/>
  <testcase classname="SmokeTest" name="brandingSmokeTest" time="7.067"/>
  <testcase classname="SmokeTest" name="roomSmokeTest" time="10.484"/>
  <testcase classname="SmokeTest" name="messageSmokeTest" time="6.493"/>
  <testcase classname="SmokeTest" name="bookingSmokeTest" time="9.876"/>
</testsuite>